{"/home/dagoa/projects/medinaa/mobile/src/theme/theme.ts": {"path":"/home/dagoa/projects/medinaa/mobile/src/theme/theme.ts","statementMap":{"0":{"start":{"line":1,"column":23},"end":{"line":9,"column":1}},"1":{"start":{"line":11,"column":22},"end":{"line":23,"column":1}},"2":{"start":{"line":25,"column":26},"end":{"line":33,"column":1}},"3":{"start":{"line":35,"column":23},"end":{"line":37,"column":1}},"4":{"start":{"line":39,"column":22},"end":{"line":39,"column":67}},"5":{"start":{"line":41,"column":22},"end":{"line":45,"column":1}},"6":{"start":{"line":47,"column":21},"end":{"line":47,"column":77}}},"fnMap":{},"branchMap":{},"s":{"0":1,"1":1,"2":1,"3":1,"4":1,"5":1,"6":1},"f":{},"b":{},"_coverageSchema":"1a1c01bbd47fc00a2c39e90264f33305004495a9","hash":"868c3364fa3f6a45e6e8192d0fdc33398c6f69ce"}
}
